{"total": {"lines":{"total":3695,"covered":2305,"skipped":0,"pct":62.38},"statements":{"total":3695,"covered":2305,"skipped":0,"pct":62.38},"functions":{"total":131,"covered":50,"skipped":0,"pct":38.16},"branches":{"total":177,"covered":158,"skipped":0,"pct":89.26},"branchesTrue":{"total":0,"covered":0,"skipped":0,"pct":100}}
,"/Users/mkeller/research/dbmi/vitessce/vitessce/packages/vit-s/src/VitessceGrid.js": {"lines":{"total":124,"covered":120,"skipped":0,"pct":96.77},"functions":{"total":1,"covered":1,"skipped":0,"pct":100},"statements":{"total":124,"covered":120,"skipped":0,"pct":96.77},"branches":{"total":4,"covered":3,"skipped":0,"pct":75}}
,"/Users/mkeller/research/dbmi/vitessce/vitessce/packages/vit-s/src/classNames.js": {"lines":{"total":8,"covered":8,"skipped":0,"pct":100},"functions":{"total":0,"covered":0,"skipped":0,"pct":100},"statements":{"total":8,"covered":8,"skipped":0,"pct":100},"branches":{"total":0,"covered":0,"skipped":0,"pct":100}}
,"/Users/mkeller/research/dbmi/vitessce/vitessce/packages/vit-s/src/data-hook-utils.js": {"lines":{"total":244,"covered":83,"skipped":0,"pct":34.01},"functions":{"total":6,"covered":0,"skipped":0,"pct":0},"statements":{"total":244,"covered":83,"skipped":0,"pct":34.01},"branches":{"total":0,"covered":0,"skipped":0,"pct":100}}
,"/Users/mkeller/research/dbmi/vitessce/vitessce/packages/vit-s/src/data-hooks-multilevel-utils.js": {"lines":{"total":571,"covered":242,"skipped":0,"pct":42.38},"functions":{"total":20,"covered":10,"skipped":0,"pct":50},"statements":{"total":571,"covered":242,"skipped":0,"pct":42.38},"branches":{"total":30,"covered":26,"skipped":0,"pct":86.66}}
,"/Users/mkeller/research/dbmi/vitessce/vitessce/packages/vit-s/src/hooks.js": {"lines":{"total":310,"covered":114,"skipped":0,"pct":36.77},"functions":{"total":14,"covered":2,"skipped":0,"pct":14.28},"statements":{"total":310,"covered":114,"skipped":0,"pct":36.77},"branches":{"total":4,"covered":4,"skipped":0,"pct":100}}
,"/Users/mkeller/research/dbmi/vitessce/vitessce/packages/vit-s/src/title-styles.js": {"lines":{"total":73,"covered":73,"skipped":0,"pct":100},"functions":{"total":0,"covered":0,"skipped":0,"pct":100},"statements":{"total":73,"covered":73,"skipped":0,"pct":100},"branches":{"total":1,"covered":1,"skipped":0,"pct":100}}
,"/Users/mkeller/research/dbmi/vitessce/vitessce/packages/vit-s/src/view-config-utils.js": {"lines":{"total":271,"covered":255,"skipped":0,"pct":94.09},"functions":{"total":8,"covered":7,"skipped":0,"pct":87.5},"statements":{"total":271,"covered":255,"skipped":0,"pct":94.09},"branches":{"total":30,"covered":29,"skipped":0,"pct":96.66}}
,"/Users/mkeller/research/dbmi/vitessce/vitessce/packages/vit-s/src/vitessce-grid-utils.js": {"lines":{"total":172,"covered":104,"skipped":0,"pct":60.46},"functions":{"total":6,"covered":5,"skipped":0,"pct":83.33},"statements":{"total":172,"covered":104,"skipped":0,"pct":60.46},"branches":{"total":13,"covered":9,"skipped":0,"pct":69.23}}
,"/Users/mkeller/research/dbmi/vitessce/vitessce/packages/vit-s/src/data/loader-registry.js": {"lines":{"total":28,"covered":9,"skipped":0,"pct":32.14},"functions":{"total":2,"covered":0,"skipped":0,"pct":0},"statements":{"total":28,"covered":9,"skipped":0,"pct":32.14},"branches":{"total":0,"covered":0,"skipped":0,"pct":100}}
,"/Users/mkeller/research/dbmi/vitessce/vitessce/packages/vit-s/src/errors/AbstractLoaderError.js": {"lines":{"total":14,"covered":10,"skipped":0,"pct":71.42},"functions":{"total":2,"covered":0,"skipped":0,"pct":0},"statements":{"total":14,"covered":10,"skipped":0,"pct":71.42},"branches":{"total":0,"covered":0,"skipped":0,"pct":100}}
,"/Users/mkeller/research/dbmi/vitessce/vitessce/packages/vit-s/src/errors/DataSourceFetchError.js": {"lines":{"total":15,"covered":7,"skipped":0,"pct":46.66},"functions":{"total":2,"covered":0,"skipped":0,"pct":0},"statements":{"total":15,"covered":7,"skipped":0,"pct":46.66},"branches":{"total":0,"covered":0,"skipped":0,"pct":100}}
,"/Users/mkeller/research/dbmi/vitessce/vitessce/packages/vit-s/src/errors/DatasetNotFoundError.js": {"lines":{"total":23,"covered":7,"skipped":0,"pct":30.43},"functions":{"total":2,"covered":0,"skipped":0,"pct":0},"statements":{"total":23,"covered":7,"skipped":0,"pct":30.43},"branches":{"total":0,"covered":0,"skipped":0,"pct":100}}
,"/Users/mkeller/research/dbmi/vitessce/vitessce/packages/vit-s/src/errors/LoaderNotFoundError.js": {"lines":{"total":24,"covered":7,"skipped":0,"pct":29.16},"functions":{"total":2,"covered":0,"skipped":0,"pct":0},"statements":{"total":24,"covered":7,"skipped":0,"pct":29.16},"branches":{"total":0,"covered":0,"skipped":0,"pct":100}}
,"/Users/mkeller/research/dbmi/vitessce/vitessce/packages/vit-s/src/errors/LoaderValidationError.js": {"lines":{"total":23,"covered":7,"skipped":0,"pct":30.43},"functions":{"total":2,"covered":0,"skipped":0,"pct":0},"statements":{"total":23,"covered":7,"skipped":0,"pct":30.43},"branches":{"total":0,"covered":0,"skipped":0,"pct":100}}
,"/Users/mkeller/research/dbmi/vitessce/vitessce/packages/vit-s/src/errors/index.js": {"lines":{"total":5,"covered":5,"skipped":0,"pct":100},"functions":{"total":0,"covered":0,"skipped":0,"pct":100},"statements":{"total":5,"covered":5,"skipped":0,"pct":100},"branches":{"total":0,"covered":0,"skipped":0,"pct":100}}
,"/Users/mkeller/research/dbmi/vitessce/vitessce/packages/vit-s/src/shared-mui/container.js": {"lines":{"total":212,"covered":212,"skipped":0,"pct":100},"functions":{"total":0,"covered":0,"skipped":0,"pct":100},"statements":{"total":212,"covered":212,"skipped":0,"pct":100},"branches":{"total":1,"covered":1,"skipped":0,"pct":100}}
,"/Users/mkeller/research/dbmi/vitessce/vitessce/packages/vit-s/src/state/hooks.js": {"lines":{"total":1031,"covered":537,"skipped":0,"pct":52.08},"functions":{"total":53,"covered":15,"skipped":0,"pct":28.3},"statements":{"total":1031,"covered":537,"skipped":0,"pct":52.08},"branches":{"total":35,"covered":34,"skipped":0,"pct":97.14}}
,"/Users/mkeller/research/dbmi/vitessce/vitessce/packages/vit-s/src/state/spatial-reducers.js": {"lines":{"total":291,"covered":291,"skipped":0,"pct":100},"functions":{"total":4,"covered":4,"skipped":0,"pct":100},"statements":{"total":291,"covered":291,"skipped":0,"pct":100},"branches":{"total":28,"covered":22,"skipped":0,"pct":78.57}}
,"/Users/mkeller/research/dbmi/vitessce/vitessce/packages/vit-s/src/vitessce-grid-layout/VitessceGridLayout.js": {"lines":{"total":179,"covered":137,"skipped":0,"pct":76.53},"functions":{"total":3,"covered":2,"skipped":0,"pct":66.66},"statements":{"total":179,"covered":137,"skipped":0,"pct":76.53},"branches":{"total":12,"covered":10,"skipped":0,"pct":83.33}}
,"/Users/mkeller/research/dbmi/vitessce/vitessce/packages/vit-s/src/vitessce-grid-layout/index.js": {"lines":{"total":1,"covered":1,"skipped":0,"pct":100},"functions":{"total":0,"covered":0,"skipped":0,"pct":100},"statements":{"total":1,"covered":1,"skipped":0,"pct":100},"branches":{"total":0,"covered":0,"skipped":0,"pct":100}}
,"/Users/mkeller/research/dbmi/vitessce/vitessce/packages/vit-s/src/vitessce-grid-layout/layout-utils.js": {"lines":{"total":76,"covered":76,"skipped":0,"pct":100},"functions":{"total":4,"covered":4,"skipped":0,"pct":100},"statements":{"total":76,"covered":76,"skipped":0,"pct":100},"branches":{"total":19,"covered":19,"skipped":0,"pct":100}}
}
